[2021-08-06 10:09:48,954] {taskinstance.py:896} INFO - Dependencies all met for <TaskInstance: marketvol_dag.CreateDownloadDir 2021-08-06T14:09:30.936607+00:00 [queued]>
[2021-08-06 10:09:48,961] {taskinstance.py:896} INFO - Dependencies all met for <TaskInstance: marketvol_dag.CreateDownloadDir 2021-08-06T14:09:30.936607+00:00 [queued]>
[2021-08-06 10:09:48,961] {taskinstance.py:1087} INFO - 
--------------------------------------------------------------------------------
[2021-08-06 10:09:48,961] {taskinstance.py:1088} INFO - Starting attempt 1 of 3
[2021-08-06 10:09:48,961] {taskinstance.py:1089} INFO - 
--------------------------------------------------------------------------------
[2021-08-06 10:09:48,969] {taskinstance.py:1107} INFO - Executing <Task(BashOperator): CreateDownloadDir> on 2021-08-06T14:09:30.936607+00:00
[2021-08-06 10:09:48,983] {standard_task_runner.py:52} INFO - Started process 30718 to run task
[2021-08-06 10:09:48,988] {standard_task_runner.py:76} INFO - Running: ['airflow', 'tasks', 'run', 'marketvol_dag', 'CreateDownloadDir', '2021-08-06T14:09:30.936607+00:00', '--job-id', '292', '--pool', 'default_pool', '--raw', '--subdir', 'DAGS_FOLDER/airflowminiproject.py', '--cfg-path', '/tmp/tmpre7u6kly', '--error-file', '/tmp/tmpa_olt228']
[2021-08-06 10:09:48,991] {standard_task_runner.py:77} INFO - Job 292: Subtask CreateDownloadDir
[2021-08-06 10:09:49,013] {logging_mixin.py:104} INFO - Running <TaskInstance: marketvol_dag.CreateDownloadDir 2021-08-06T14:09:30.936607+00:00 [running]> on host DESKTOP-QHDN1D5.localdomain
[2021-08-06 10:09:49,032] {taskinstance.py:1302} INFO - Exporting the following env vars:
AIRFLOW_CTX_DAG_OWNER=airflow
AIRFLOW_CTX_DAG_ID=marketvol_dag
AIRFLOW_CTX_TASK_ID=CreateDownloadDir
AIRFLOW_CTX_EXECUTION_DATE=2021-08-06T14:09:30.936607+00:00
AIRFLOW_CTX_DAG_RUN_ID=manual__2021-08-06T14:09:30.936607+00:00
[2021-08-06 10:09:49,032] {subprocess.py:52} INFO - Tmp dir root location: 
 /tmp
[2021-08-06 10:09:49,033] {subprocess.py:63} INFO - Running command: ['bash', '-c', '/root/airflow/scripts/makedir.sh ']
[2021-08-06 10:09:49,051] {subprocess.py:74} INFO - Output:
[2021-08-06 10:09:49,073] {subprocess.py:78} INFO - download dir : /tmp/data/20210806
[2021-08-06 10:09:49,073] {subprocess.py:78} INFO - download dir : /tmp/output/20210806
[2021-08-06 10:09:49,093] {subprocess.py:82} INFO - Command exited with return code 0
[2021-08-06 10:09:49,121] {taskinstance.py:1211} INFO - Marking task as SUCCESS. dag_id=marketvol_dag, task_id=CreateDownloadDir, execution_date=20210806T140930, start_date=20210806T140948, end_date=20210806T140949
[2021-08-06 10:09:49,147] {taskinstance.py:1265} INFO - 1 downstream tasks scheduled from follow-on schedule check
[2021-08-06 10:09:49,161] {local_task_job.py:149} INFO - Task exited with return code 0
