[2021-08-06 10:10:01,972] {taskinstance.py:896} INFO - Dependencies all met for <TaskInstance: marketvol_dag.DownloadAAPL 2021-08-06T14:09:30.936607+00:00 [queued]>
[2021-08-06 10:10:01,976] {taskinstance.py:896} INFO - Dependencies all met for <TaskInstance: marketvol_dag.DownloadAAPL 2021-08-06T14:09:30.936607+00:00 [queued]>
[2021-08-06 10:10:01,976] {taskinstance.py:1087} INFO - 
--------------------------------------------------------------------------------
[2021-08-06 10:10:01,976] {taskinstance.py:1088} INFO - Starting attempt 1 of 3
[2021-08-06 10:10:01,976] {taskinstance.py:1089} INFO - 
--------------------------------------------------------------------------------
[2021-08-06 10:10:01,984] {taskinstance.py:1107} INFO - Executing <Task(PythonOperator): DownloadAAPL> on 2021-08-06T14:09:30.936607+00:00
[2021-08-06 10:10:01,998] {standard_task_runner.py:52} INFO - Started process 30820 to run task
[2021-08-06 10:10:02,003] {standard_task_runner.py:76} INFO - Running: ['airflow', 'tasks', 'run', 'marketvol_dag', 'DownloadAAPL', '2021-08-06T14:09:30.936607+00:00', '--job-id', '299', '--pool', 'default_pool', '--raw', '--subdir', 'DAGS_FOLDER/airflowminiproject.py', '--cfg-path', '/tmp/tmp6kxy6731', '--error-file', '/tmp/tmp_as30775']
[2021-08-06 10:10:02,006] {standard_task_runner.py:77} INFO - Job 299: Subtask DownloadAAPL
[2021-08-06 10:10:02,032] {logging_mixin.py:104} INFO - Running <TaskInstance: marketvol_dag.DownloadAAPL 2021-08-06T14:09:30.936607+00:00 [running]> on host DESKTOP-QHDN1D5.localdomain
[2021-08-06 10:10:02,056] {taskinstance.py:1302} INFO - Exporting the following env vars:
AIRFLOW_CTX_DAG_OWNER=airflow
AIRFLOW_CTX_DAG_ID=marketvol_dag
AIRFLOW_CTX_TASK_ID=DownloadAAPL
AIRFLOW_CTX_EXECUTION_DATE=2021-08-06T14:09:30.936607+00:00
AIRFLOW_CTX_DAG_RUN_ID=manual__2021-08-06T14:09:30.936607+00:00
[2021-08-06 10:10:02,344] {logging_mixin.py:104} INFO - [*********************100%***********************]  1 of 1 completed
[2021-08-06 10:10:02,344] {logging_mixin.py:104} INFO - 
[2021-08-06 10:10:02,344] {logging_mixin.py:104} INFO - Path is  /tmp/data/20210806/AAPLdata.csv
[2021-08-06 10:10:02,348] {python.py:151} INFO - Done. Returned value was: None
[2021-08-06 10:10:02,351] {taskinstance.py:1211} INFO - Marking task as SUCCESS. dag_id=marketvol_dag, task_id=DownloadAAPL, execution_date=20210806T140930, start_date=20210806T141001, end_date=20210806T141002
[2021-08-06 10:10:02,367] {taskinstance.py:1265} INFO - 1 downstream tasks scheduled from follow-on schedule check
[2021-08-06 10:10:02,378] {local_task_job.py:149} INFO - Task exited with return code 0
