[2021-08-06 10:10:11,843] {taskinstance.py:896} INFO - Dependencies all met for <TaskInstance: marketvol_dag.MoveTSLA 2021-08-06T14:09:30.936607+00:00 [queued]>
[2021-08-06 10:10:11,846] {taskinstance.py:896} INFO - Dependencies all met for <TaskInstance: marketvol_dag.MoveTSLA 2021-08-06T14:09:30.936607+00:00 [queued]>
[2021-08-06 10:10:11,846] {taskinstance.py:1087} INFO - 
--------------------------------------------------------------------------------
[2021-08-06 10:10:11,846] {taskinstance.py:1088} INFO - Starting attempt 1 of 3
[2021-08-06 10:10:11,846] {taskinstance.py:1089} INFO - 
--------------------------------------------------------------------------------
[2021-08-06 10:10:11,855] {taskinstance.py:1107} INFO - Executing <Task(BashOperator): MoveTSLA> on 2021-08-06T14:09:30.936607+00:00
[2021-08-06 10:10:11,869] {standard_task_runner.py:52} INFO - Started process 30892 to run task
[2021-08-06 10:10:11,873] {standard_task_runner.py:76} INFO - Running: ['airflow', 'tasks', 'run', 'marketvol_dag', 'MoveTSLA', '2021-08-06T14:09:30.936607+00:00', '--job-id', '304', '--pool', 'default_pool', '--raw', '--subdir', 'DAGS_FOLDER/airflowminiproject.py', '--cfg-path', '/tmp/tmprmp2o_tn', '--error-file', '/tmp/tmpnuk5kd2a']
[2021-08-06 10:10:11,877] {standard_task_runner.py:77} INFO - Job 304: Subtask MoveTSLA
[2021-08-06 10:10:11,900] {logging_mixin.py:104} INFO - Running <TaskInstance: marketvol_dag.MoveTSLA 2021-08-06T14:09:30.936607+00:00 [running]> on host DESKTOP-QHDN1D5.localdomain
[2021-08-06 10:10:11,921] {taskinstance.py:1302} INFO - Exporting the following env vars:
AIRFLOW_CTX_DAG_OWNER=airflow
AIRFLOW_CTX_DAG_ID=marketvol_dag
AIRFLOW_CTX_TASK_ID=MoveTSLA
AIRFLOW_CTX_EXECUTION_DATE=2021-08-06T14:09:30.936607+00:00
AIRFLOW_CTX_DAG_RUN_ID=manual__2021-08-06T14:09:30.936607+00:00
[2021-08-06 10:10:11,921] {subprocess.py:52} INFO - Tmp dir root location: 
 /tmp
[2021-08-06 10:10:11,922] {subprocess.py:63} INFO - Running command: ['bash', '-c', '/root/airflow/scripts/movedir_TSLA.sh ']
[2021-08-06 10:10:11,938] {subprocess.py:74} INFO - Output:
[2021-08-06 10:10:11,948] {subprocess.py:78} INFO - soure /tmp/data/20210806/TSLAdata.csv
[2021-08-06 10:10:11,948] {subprocess.py:78} INFO - target /tmp/output/20210806/TSLAdata.csv
[2021-08-06 10:10:11,957] {subprocess.py:82} INFO - Command exited with return code 0
[2021-08-06 10:10:11,972] {taskinstance.py:1211} INFO - Marking task as SUCCESS. dag_id=marketvol_dag, task_id=MoveTSLA, execution_date=20210806T140930, start_date=20210806T141011, end_date=20210806T141011
[2021-08-06 10:10:11,986] {taskinstance.py:1265} INFO - 1 downstream tasks scheduled from follow-on schedule check
[2021-08-06 10:10:12,006] {local_task_job.py:149} INFO - Task exited with return code 0
