[2021-08-06 10:10:22,450] {taskinstance.py:896} INFO - Dependencies all met for <TaskInstance: marketvol_dag.MoveAAPL 2021-08-06T14:09:30.936607+00:00 [queued]>
[2021-08-06 10:10:22,454] {taskinstance.py:896} INFO - Dependencies all met for <TaskInstance: marketvol_dag.MoveAAPL 2021-08-06T14:09:30.936607+00:00 [queued]>
[2021-08-06 10:10:22,454] {taskinstance.py:1087} INFO - 
--------------------------------------------------------------------------------
[2021-08-06 10:10:22,454] {taskinstance.py:1088} INFO - Starting attempt 1 of 3
[2021-08-06 10:10:22,454] {taskinstance.py:1089} INFO - 
--------------------------------------------------------------------------------
[2021-08-06 10:10:22,460] {taskinstance.py:1107} INFO - Executing <Task(BashOperator): MoveAAPL> on 2021-08-06T14:09:30.936607+00:00
[2021-08-06 10:10:22,473] {standard_task_runner.py:52} INFO - Started process 30980 to run task
[2021-08-06 10:10:22,478] {standard_task_runner.py:76} INFO - Running: ['airflow', 'tasks', 'run', 'marketvol_dag', 'MoveAAPL', '2021-08-06T14:09:30.936607+00:00', '--job-id', '310', '--pool', 'default_pool', '--raw', '--subdir', 'DAGS_FOLDER/airflowminiproject.py', '--cfg-path', '/tmp/tmpkvmh02m3', '--error-file', '/tmp/tmp7sfv_3j3']
[2021-08-06 10:10:22,481] {standard_task_runner.py:77} INFO - Job 310: Subtask MoveAAPL
[2021-08-06 10:10:22,509] {logging_mixin.py:104} INFO - Running <TaskInstance: marketvol_dag.MoveAAPL 2021-08-06T14:09:30.936607+00:00 [running]> on host DESKTOP-QHDN1D5.localdomain
[2021-08-06 10:10:22,532] {taskinstance.py:1302} INFO - Exporting the following env vars:
AIRFLOW_CTX_DAG_OWNER=airflow
AIRFLOW_CTX_DAG_ID=marketvol_dag
AIRFLOW_CTX_TASK_ID=MoveAAPL
AIRFLOW_CTX_EXECUTION_DATE=2021-08-06T14:09:30.936607+00:00
AIRFLOW_CTX_DAG_RUN_ID=manual__2021-08-06T14:09:30.936607+00:00
[2021-08-06 10:10:22,532] {subprocess.py:52} INFO - Tmp dir root location: 
 /tmp
[2021-08-06 10:10:22,533] {subprocess.py:63} INFO - Running command: ['bash', '-c', '/root/airflow/scripts/movedir_AAPL.sh ']
[2021-08-06 10:10:22,549] {subprocess.py:74} INFO - Output:
[2021-08-06 10:10:22,559] {subprocess.py:78} INFO - soure /tmp/data/20210806/AAPLdata.csv
[2021-08-06 10:10:22,559] {subprocess.py:78} INFO - target /tmp/output/20210806/AAPLdata.csv
[2021-08-06 10:10:22,566] {subprocess.py:82} INFO - Command exited with return code 0
[2021-08-06 10:10:22,580] {taskinstance.py:1211} INFO - Marking task as SUCCESS. dag_id=marketvol_dag, task_id=MoveAAPL, execution_date=20210806T140930, start_date=20210806T141022, end_date=20210806T141022
[2021-08-06 10:10:22,594] {taskinstance.py:1265} INFO - 1 downstream tasks scheduled from follow-on schedule check
[2021-08-06 10:10:22,610] {local_task_job.py:149} INFO - Task exited with return code 0
